{"contracts/SimpleCampaign.sol":{"l":{"59":28,"60":27,"64":68,"65":64,"76":59,"87":59,"88":59,"100":39,"103":38,"104":2,"108":36,"109":35,"112":36,"113":36,"115":36,"122":20,"123":18,"126":18,"129":18,"131":18,"132":16,"133":16,"135":16,"139":18,"142":18,"143":3,"144":3,"152":5,"153":5,"160":7,"161":6,"164":6,"165":6,"168":6,"169":1,"170":1,"174":6,"175":6,"177":6,"178":6,"179":6,"185":10,"189":6,"193":2,"197":2},"path":"/Users/daniel.maydiputra/Dev/base jkt sep oct 2025/hackathon project/contracts/SimpleCampaign.sol","s":{"1":28,"2":68,"3":59,"4":39,"5":38,"6":36,"7":35,"8":36,"9":20,"10":18,"11":18,"12":18,"13":16,"14":16,"15":16,"16":18,"17":3,"18":5,"19":7,"20":6,"21":6,"22":6,"23":6,"24":1,"25":6,"26":6,"27":6,"28":6,"29":10,"30":6,"31":2,"32":2},"b":{"1":[1,27],"2":[4,64],"3":[41,0],"4":[39,2],"5":[38,1],"6":[2,36],"7":[35,1],"8":[22,1],"9":[20,2],"10":[2,18],"11":[0,18],"12":[16,2],"13":[16,0],"14":[3,15],"15":[5,0],"16":[5,0],"17":[7,0],"18":[6,1],"19":[6,0],"20":[1,0],"21":[6,0],"22":[6,0]},"f":{"1":28,"2":68,"3":59,"4":39,"5":20,"6":5,"7":7,"8":10,"9":6,"10":2,"11":2},"fnMap":{"1":{"name":"onlyFounder","line":58,"loc":{"start":{"line":58,"column":4},"end":{"line":61,"column":4}}},"2":{"name":"campaignActive","line":63,"loc":{"start":{"line":63,"column":4},"end":{"line":66,"column":4}}},"3":{"name":"constructor","line":75,"loc":{"start":{"line":68,"column":4},"end":{"line":94,"column":4}}},"4":{"name":"fund","line":99,"loc":{"start":{"line":99,"column":4},"end":{"line":116,"column":4}}},"5":{"name":"completeMilestone","line":121,"loc":{"start":{"line":121,"column":4},"end":{"line":146,"column":4}}},"6":{"name":"failCampaign","line":151,"loc":{"start":{"line":151,"column":4},"end":{"line":154,"column":4}}},"7":{"name":"claimRefund","line":159,"loc":{"start":{"line":159,"column":4},"end":{"line":181,"column":4}}},"8":{"name":"getCampaignData","line":184,"loc":{"start":{"line":184,"column":4},"end":{"line":186,"column":4}}},"9":{"name":"getMilestone","line":188,"loc":{"start":{"line":188,"column":4},"end":{"line":190,"column":4}}},"10":{"name":"getContributors","line":192,"loc":{"start":{"line":192,"column":4},"end":{"line":194,"column":4}}},"11":{"name":"getContribution","line":196,"loc":{"start":{"line":196,"column":4},"end":{"line":198,"column":4}}}},"statementMap":{"1":{"start":{"line":59,"column":8},"end":{"line":59,"column":68}},"2":{"start":{"line":64,"column":8},"end":{"line":64,"column":82}},"3":{"start":{"line":87,"column":8},"end":{"line":87,"column":2502}},"4":{"start":{"line":100,"column":8},"end":{"line":100,"column":46}},"5":{"start":{"line":103,"column":8},"end":{"line":103,"column":3009}},"6":{"start":{"line":108,"column":8},"end":{"line":108,"column":3182}},"7":{"start":{"line":109,"column":12},"end":{"line":109,"column":40}},"8":{"start":{"line":115,"column":8},"end":{"line":115,"column":48}},"9":{"start":{"line":122,"column":8},"end":{"line":122,"column":70}},"10":{"start":{"line":123,"column":8},"end":{"line":123,"column":97}},"11":{"start":{"line":129,"column":8},"end":{"line":129,"column":110}},"12":{"start":{"line":131,"column":8},"end":{"line":131,"column":4066}},"13":{"start":{"line":132,"column":12},"end":{"line":132,"column":91}},"14":{"start":{"line":133,"column":12},"end":{"line":133,"column":51}},"15":{"start":{"line":135,"column":12},"end":{"line":135,"column":63}},"16":{"start":{"line":142,"column":8},"end":{"line":142,"column":4459}},"17":{"start":{"line":144,"column":12},"end":{"line":144,"column":36}},"18":{"start":{"line":153,"column":8},"end":{"line":153,"column":29}},"19":{"start":{"line":160,"column":8},"end":{"line":160,"column":81}},"20":{"start":{"line":161,"column":8},"end":{"line":161,"column":74}},"21":{"start":{"line":164,"column":8},"end":{"line":164,"column":61}},"22":{"start":{"line":165,"column":8},"end":{"line":165,"column":33}},"23":{"start":{"line":168,"column":8},"end":{"line":168,"column":5362}},"24":{"start":{"line":169,"column":12},"end":{"line":169,"column":5427}},"25":{"start":{"line":174,"column":8},"end":{"line":174,"column":64}},"26":{"start":{"line":177,"column":8},"end":{"line":177,"column":5729}},"27":{"start":{"line":178,"column":12},"end":{"line":178,"column":80}},"28":{"start":{"line":179,"column":12},"end":{"line":179,"column":53}},"29":{"start":{"line":185,"column":8},"end":{"line":185,"column":27}},"30":{"start":{"line":189,"column":8},"end":{"line":189,"column":38}},"31":{"start":{"line":193,"column":8},"end":{"line":193,"column":27}},"32":{"start":{"line":197,"column":8},"end":{"line":197,"column":41}}},"branchMap":{"1":{"line":59,"type":"if","locations":[{"start":{"line":59,"column":8},"end":{"line":59,"column":8}},{"start":{"line":59,"column":8},"end":{"line":59,"column":8}}]},"2":{"line":64,"type":"if","locations":[{"start":{"line":64,"column":8},"end":{"line":64,"column":8}},{"start":{"line":64,"column":8},"end":{"line":64,"column":8}}]},"3":{"line":99,"type":"if","locations":[{"start":{"line":99,"column":37},"end":{"line":99,"column":37}},{"start":{"line":99,"column":37},"end":{"line":99,"column":37}}]},"4":{"line":99,"type":"if","locations":[{"start":{"line":99,"column":50},"end":{"line":99,"column":50}},{"start":{"line":99,"column":50},"end":{"line":99,"column":50}}]},"5":{"line":100,"type":"if","locations":[{"start":{"line":100,"column":8},"end":{"line":100,"column":8}},{"start":{"line":100,"column":8},"end":{"line":100,"column":8}}]},"6":{"line":103,"type":"if","locations":[{"start":{"line":103,"column":8},"end":{"line":103,"column":8}},{"start":{"line":103,"column":8},"end":{"line":103,"column":8}}]},"7":{"line":108,"type":"if","locations":[{"start":{"line":108,"column":8},"end":{"line":108,"column":8}},{"start":{"line":108,"column":8},"end":{"line":108,"column":8}}]},"8":{"line":121,"type":"if","locations":[{"start":{"line":121,"column":61},"end":{"line":121,"column":61}},{"start":{"line":121,"column":61},"end":{"line":121,"column":61}}]},"9":{"line":121,"type":"if","locations":[{"start":{"line":121,"column":73},"end":{"line":121,"column":73}},{"start":{"line":121,"column":73},"end":{"line":121,"column":73}}]},"10":{"line":122,"type":"if","locations":[{"start":{"line":122,"column":8},"end":{"line":122,"column":8}},{"start":{"line":122,"column":8},"end":{"line":122,"column":8}}]},"11":{"line":123,"type":"if","locations":[{"start":{"line":123,"column":8},"end":{"line":123,"column":8}},{"start":{"line":123,"column":8},"end":{"line":123,"column":8}}]},"12":{"line":131,"type":"if","locations":[{"start":{"line":131,"column":8},"end":{"line":131,"column":8}},{"start":{"line":131,"column":8},"end":{"line":131,"column":8}}]},"13":{"line":133,"type":"if","locations":[{"start":{"line":133,"column":12},"end":{"line":133,"column":12}},{"start":{"line":133,"column":12},"end":{"line":133,"column":12}}]},"14":{"line":142,"type":"if","locations":[{"start":{"line":142,"column":8},"end":{"line":142,"column":8}},{"start":{"line":142,"column":8},"end":{"line":142,"column":8}}]},"15":{"line":151,"type":"if","locations":[{"start":{"line":151,"column":37},"end":{"line":151,"column":37}},{"start":{"line":151,"column":37},"end":{"line":151,"column":37}}]},"16":{"line":151,"type":"if","locations":[{"start":{"line":151,"column":49},"end":{"line":151,"column":49}},{"start":{"line":151,"column":49},"end":{"line":151,"column":49}}]},"17":{"line":159,"type":"if","locations":[{"start":{"line":159,"column":36},"end":{"line":159,"column":36}},{"start":{"line":159,"column":36},"end":{"line":159,"column":36}}]},"18":{"line":160,"type":"if","locations":[{"start":{"line":160,"column":8},"end":{"line":160,"column":8}},{"start":{"line":160,"column":8},"end":{"line":160,"column":8}}]},"19":{"line":161,"type":"if","locations":[{"start":{"line":161,"column":8},"end":{"line":161,"column":8}},{"start":{"line":161,"column":8},"end":{"line":161,"column":8}}]},"20":{"line":169,"type":"if","locations":[{"start":{"line":169,"column":12},"end":{"line":169,"column":12}},{"start":{"line":169,"column":12},"end":{"line":169,"column":12}}]},"21":{"line":177,"type":"if","locations":[{"start":{"line":177,"column":8},"end":{"line":177,"column":8}},{"start":{"line":177,"column":8},"end":{"line":177,"column":8}}]},"22":{"line":179,"type":"if","locations":[{"start":{"line":179,"column":12},"end":{"line":179,"column":12}},{"start":{"line":179,"column":12},"end":{"line":179,"column":12}}]}}},"contracts/SimpleFactory.sol":{"l":{"56":64,"57":1,"61":63,"64":61,"65":61,"66":181,"67":180,"69":60,"72":59,"81":59,"82":59,"85":59,"86":59,"87":59,"88":59,"90":59,"98":59,"105":2,"112":6,"119":3,"126":1,"127":1,"128":1,"135":4,"136":4,"137":3,"138":3,"148":1},"path":"/Users/daniel.maydiputra/Dev/base jkt sep oct 2025/hackathon project/contracts/SimpleFactory.sol","s":{"1":64,"2":63,"3":61,"4":61,"5":181,"6":60,"7":59,"8":59,"9":59,"10":59,"11":59,"12":59,"13":59,"14":2,"15":6,"16":3,"17":1,"18":1,"19":4,"20":4,"21":3,"22":3,"23":1},"b":{"1":[1,63],"2":[61,2],"3":[180,1],"4":[59,1],"5":[59,0],"6":[1,1],"7":[4,1],"8":[3,1]},"f":{"1":54,"2":64,"3":2,"4":6,"5":3,"6":1,"7":4,"8":1},"fnMap":{"1":{"name":"constructor","line":42,"loc":{"start":{"line":42,"column":4},"end":{"line":42,"column":39}}},"2":{"name":"createCampaign","line":47,"loc":{"start":{"line":47,"column":4},"end":{"line":99,"column":4}}},"3":{"name":"getCampaign","line":104,"loc":{"start":{"line":104,"column":4},"end":{"line":106,"column":4}}},"4":{"name":"getFounderCampaigns","line":111,"loc":{"start":{"line":111,"column":4},"end":{"line":113,"column":4}}},"5":{"name":"getAllCampaigns","line":118,"loc":{"start":{"line":118,"column":4},"end":{"line":120,"column":4}}},"6":{"name":"updateCreationFee","line":125,"loc":{"start":{"line":125,"column":4},"end":{"line":129,"column":4}}},"7":{"name":"withdrawFees","line":134,"loc":{"start":{"line":134,"column":4},"end":{"line":139,"column":4}}},"8":{"name":"getPlatformStats","line":144,"loc":{"start":{"line":144,"column":4},"end":{"line":149,"column":4}}}},"statementMap":{"1":{"start":{"line":56,"column":8},"end":{"line":56,"column":1571}},"2":{"start":{"line":61,"column":8},"end":{"line":61,"column":94}},"3":{"start":{"line":64,"column":8},"end":{"line":64,"column":35}},"4":{"start":{"line":65,"column":8},"end":{"line":65,"column":1905}},"5":{"start":{"line":66,"column":12},"end":{"line":66,"column":79}},"6":{"start":{"line":69,"column":8},"end":{"line":69,"column":82}},"7":{"start":{"line":72,"column":8},"end":{"line":72,"column":2221}},"8":{"start":{"line":82,"column":8},"end":{"line":82,"column":73}},"9":{"start":{"line":85,"column":8},"end":{"line":85,"column":44}},"10":{"start":{"line":87,"column":8},"end":{"line":87,"column":52}},"11":{"start":{"line":88,"column":8},"end":{"line":88,"column":41}},"12":{"start":{"line":90,"column":8},"end":{"line":90,"column":2819}},"13":{"start":{"line":98,"column":8},"end":{"line":98,"column":30}},"14":{"start":{"line":105,"column":8},"end":{"line":105,"column":36}},"15":{"start":{"line":112,"column":8},"end":{"line":112,"column":40}},"16":{"start":{"line":119,"column":8},"end":{"line":119,"column":27}},"17":{"start":{"line":126,"column":8},"end":{"line":126,"column":36}},"18":{"start":{"line":128,"column":8},"end":{"line":128,"column":55}},"19":{"start":{"line":135,"column":8},"end":{"line":135,"column":47}},"20":{"start":{"line":136,"column":8},"end":{"line":136,"column":50}},"21":{"start":{"line":137,"column":8},"end":{"line":137,"column":41}},"22":{"start":{"line":138,"column":8},"end":{"line":138,"column":44}},"23":{"start":{"line":148,"column":8},"end":{"line":148,"column":43}}},"branchMap":{"1":{"line":56,"type":"if","locations":[{"start":{"line":56,"column":8},"end":{"line":56,"column":8}},{"start":{"line":56,"column":8},"end":{"line":56,"column":8}}]},"2":{"line":61,"type":"if","locations":[{"start":{"line":61,"column":8},"end":{"line":61,"column":8}},{"start":{"line":61,"column":8},"end":{"line":61,"column":8}}]},"3":{"line":66,"type":"if","locations":[{"start":{"line":66,"column":12},"end":{"line":66,"column":12}},{"start":{"line":66,"column":12},"end":{"line":66,"column":12}}]},"4":{"line":69,"type":"if","locations":[{"start":{"line":69,"column":8},"end":{"line":69,"column":8}},{"start":{"line":69,"column":8},"end":{"line":69,"column":8}}]},"5":{"line":82,"type":"if","locations":[{"start":{"line":82,"column":8},"end":{"line":82,"column":8}},{"start":{"line":82,"column":8},"end":{"line":82,"column":8}}]},"6":{"line":125,"type":"if","locations":[{"start":{"line":125,"column":64},"end":{"line":125,"column":64}},{"start":{"line":125,"column":64},"end":{"line":125,"column":64}}]},"7":{"line":134,"type":"if","locations":[{"start":{"line":134,"column":37},"end":{"line":134,"column":37}},{"start":{"line":134,"column":37},"end":{"line":134,"column":37}}]},"8":{"line":136,"type":"if","locations":[{"start":{"line":136,"column":8},"end":{"line":136,"column":8}},{"start":{"line":136,"column":8},"end":{"line":136,"column":8}}]}}}}